[17:41:32] [Render thread/INFO] [JMLogger] JourneyMap log initialized.
[17:41:32] [Render thread/INFO] [JourneymapClient] initialize ENTER
[17:41:32] [Render thread/INFO] [ClientAPI] [ClientAPI] built with JourneyMap API 1.9-SNAPSHOT
[17:41:32] [Render thread/INFO] [PluginHelper] Initializing plugins with Client API: journeymap.client.api.impl.ClientAPI
[17:41:32] [Render thread/INFO] [PluginHelper] Initialized IClientPlugin: com.railwayteam.railways.compat.journeymap.RailwayMapPlugin
[17:41:32] [Render thread/WARN] [PropertiesBase] core (Initialized) Bad configField entry during updateFrom(): optionsManagerViewed=null
[17:41:32] [Render thread/WARN] [PropertiesBase] core (Initialized) Bad configField entry during updateFrom(): splashViewed=null
[17:41:32] [Render thread/INFO] [?] Version: JourneyMap 1.18.2-5.9.7, built with forge 1.18.2-40.1.86
forge: 40.2.9
Environment: os.name, os.arch, java.version, user.country, user.language=null, game language=ja_jp, locale=en_us
Features: 
	RadarPlayers : singleplayer = true , multiplayer = true
	RadarAnimals : singleplayer = true , multiplayer = true
	RadarMobs : singleplayer = true , multiplayer = true
	RadarVillagers : singleplayer = true , multiplayer = true
	MapTopo : singleplayer = true , multiplayer = true
	MapSurface : singleplayer = true , multiplayer = true
	MapCaves : singleplayer = true , multiplayer = true
	MapBiome : singleplayer = true , multiplayer = true
MiniMapProperties{state=Valid, file=journeymap.minimap.config, configVersion=5.9.7, zoomLevel=0, compassFontScale=1.0, terrainAlpha=100, showEntityNames=true, positionX=0.9, positionY=0.25, effectVertical=false, showPlayerHeading=true, sizePercent=30, playerDisplayScale=1.0, showDayNight=true, showPets=true, preferredMapType=day, showCompass=true, mobDisplay=jm.common.entity_display.dots, systemTimeRealFormat=HH:mm:ss, shape=jm.minimap.shape_circle, showSelf=true, selfDisplayScale=1.0, showGrid=true, reticleOrientation=jm.minimap.orientation.compass, gameTimeRealFormat=HH:mm:ss, effectTranslateX=-83, showWaypoints=true, minimapKeyMovementSpeed=0.001, showAnimals=true, infoSlotAlpha=0.7, effectTranslateY=0, showWaypointLabels=true, moveEffectIcons=true, position=jm.minimap.position_topright, fontScale=1.0, showPlayers=true, waypointIconScale=1.0, frameAlpha=100, effectReversed=false, backgroundAlpha=0.8, enabled=true, showVillagers=true, info2Label=jm.theme.labelsource.gametime, info3Label=jm.theme.labelsource.location, showMobs=true, waypointLabelScale=1.0, showReticle=true, orientation=jm.minimap.orientation.north, info4Label=jm.theme.labelsource.biome, locationFormat=xzyv, playerDisplay=jm.common.entity_display.dots, mobDisplayScale=1.0, showCaves=true, showMobHeading=true, locationFormatVerbose=true, info1Label=jm.theme.labelsource.blank}
MiniMapProperties{state=Valid, file=journeymap.minimap2.config, configVersion=5.9.7, zoomLevel=0, compassFontScale=1.0, terrainAlpha=100, showEntityNames=true, positionX=0.9, positionY=0.25, effectVertical=false, showPlayerHeading=true, sizePercent=30, playerDisplayScale=1.0, showDayNight=true, showPets=true, preferredMapType=day, showCompass=true, mobDisplay=jm.common.entity_display.dots, systemTimeRealFormat=HH:mm:ss, shape=jm.minimap.shape_rectangle, showSelf=true, selfDisplayScale=1.0, showGrid=true, reticleOrientation=jm.minimap.orientation.compass, gameTimeRealFormat=HH:mm:ss, effectTranslateX=0, showWaypoints=true, minimapKeyMovementSpeed=0.001, showAnimals=true, infoSlotAlpha=0.7, effectTranslateY=0, showWaypointLabels=true, moveEffectIcons=true, position=jm.minimap.position_topright, fontScale=1.0, showPlayers=true, waypointIconScale=1.0, frameAlpha=100, effectReversed=false, backgroundAlpha=0.8, enabled=true, showVillagers=true, info2Label=jm.theme.labelsource.gametime, info3Label=jm.theme.labelsource.location, showMobs=true, waypointLabelScale=1.0, showReticle=true, orientation=jm.minimap.orientation.north, info4Label=jm.theme.labelsource.biome, locationFormat=xzyv, playerDisplay=jm.common.entity_display.dots, mobDisplayScale=1.0, showCaves=true, showMobHeading=true, locationFormatVerbose=true, info1Label=jm.theme.labelsource.blank}
FullMapProperties{state=Valid, file=journeymap.fullmap.config, configVersion=5.9.7, zoomLevel=0, showPlayers=true, waypointIconScale=1.0, showEntityNames=true, showPlayerHeading=true, showVillagers=true, showPlayerLoc=true, showKeys=true, playerDisplayScale=1.0, showMobs=true, showPets=true, waypointLabelScale=1.0, preferredMapType=day, mobDisplay=jm.common.entity_display.dots, showSelf=true, locationFormat=xzyv, playerDisplay=jm.common.entity_display.dots, mobDisplayScale=1.0, selfDisplayScale=1.0, showGrid=true, showMouseLoc=true, showWaypoints=true, showCaves=true, showAnimals=true, dragScale=1, showMobHeading=true, showWaypointLabels=true, locationFormatVerbose=true, fontScale=1.0}
WaypointProperties{state=Valid, file=journeymap.waypoint.config, configVersion=5.9.7, autoRemoveDeathpointDistance=2, dateFormat=MM-dd-yyyy, autoRemoveDeathpoints=false, fullscreenDoubleClickToCreate=true, managerDimensionFocus=false, minDistance=4, boldLabel=false, textureSmall=true, showDeathpointlabel=true, beaconEnabled=true, createDeathpoints=true, showName=true, disableStrikeThrough=false, maxDistance=0, autoHideLabel=true, autoRemoveTempWaypoints=2, teleportCommand=/tp {name} {x} {y} {z}, showStaticBeam=true, shaderBeacon=false, timeFormat=HH:mm:ss, showDeviationLabel=false, showDistance=true, showRotatingBeam=true, fontScale=2.0, showTexture=true, managerEnabled=true}
WebMapProperties{state=Valid, file=journeymap.webmap.config, configVersion=5.9.7, port=8080, enabled=false}
CoreProperties{state=Valid, file=journeymap.core.config, configVersion=5.9.7, verboseColorPalette=false, maxPlayersData=32, mapSurfaceAboveCaves=true, dataCachingEnabled=true, optionsManagerViewed=null, announceMod=false, colorPassive=#bbbbbb, mapBlendWater=false, renderDistanceSurfaceMax=0, seedId=false, radarVerticalDistance=16, mapBlendGrass=true, recordCacheStats=false, hideSneakingEntities=true, revealShape=jm.minimap.shape_circle, mapBiome=true, alwaysMapSurface=false, colorVillager=#88e188, mapPlants=false, colorPet=#0077ff, radarLateralDistance=64, mapBathymetry=false, mapCrops=true, maxMobsData=32, mapPlantShadows=false, alwaysMapCaves=false, checkUpdates=false, mapBlendFoliage=true, hideSpectators=false, mappingEnabled=true, colorPlayer=#ffffff, tileHighDisplayQuality=true, cacheVillagersData=2200, logLevel=INFO, maxVillagersData=32, mapWaterBiomeColors=false, maxAnimalsData=32, mapTransparency=true, caveBlackAsClear=false, tileRenderType=1, caveIgnoreGlass=true, mapTopography=true, renderDistanceCaveMax=0, mapAntialiasing=true, colorSelf=#0000ff, cachePlayersData=2000, cacheMobsData=3000, cachePlayerData=1000, splashViewed=null, colorHostile=#ff0000, cacheAnimalsData=3100, themeName=OceanMonument, mapCaveLighting=true, renderDelay=2, glErrorChecking=false, autoMapPoll=2000}
[17:41:32] [Render thread/INFO] [JourneymapClient] initialize EXIT, elapsed count 1 avg 313.89ms
[17:41:37] [Render thread/INFO] [JourneymapClient] Journeymap PostInit
[17:41:37] [Render thread/ERROR] [FileHandler] Couldn't locate icons for flat: C:\Users\Yuto\curseforge\minecraft\Instances\Create%20Industry\mods\journeymap-1.18.2-5.9.7-forge.jar\assets\journeymap\theme\flat
[17:41:37] [Render thread/INFO] [ThemeLoader] Preloaded theme textures: 0
[17:41:37] [Render thread/INFO] [VersionCheck] Update check disabled in properties file.
[17:41:37] [Render thread/INFO] [JourneymapClient] postInitialize EXIT, elapsed count 1 avg 17.48ms
[17:49:25] [Server thread/INFO] [ForgeConfig] Loading JourneyMap Forge Configs
[17:50:47] [Render thread/WARN] [PropertiesBase] core (Initialized) Bad configField entry during updateFrom(): optionsManagerViewed=null
[17:50:47] [Render thread/WARN] [PropertiesBase] core (Initialized) Bad configField entry during updateFrom(): splashViewed=null
[17:50:47] [Render thread/INFO] [ModBlockDelegate] Custom modded block handling enabled for create
[17:50:47] [Render thread/INFO] [WaypointStore] Loaded 0 waypoints from C:\Users\Yuto\curseforge\minecraft\Instances\Create Industry\journeymap\data\sp\新規ワールド (1)\waypoints
[17:50:47] [Render thread/INFO] [JourneymapClient] Mapping started in C:\Users\Yuto\curseforge\minecraft\Instances\Create Industry\journeymap\data\sp\新規ワールド (1)\overworld. Memory: 2260MB total, 786MB free 
[17:51:34] [Render thread/WARN] [JMLogger] Can't get entityTexture for alexsmobs:textures/entity_icon/platypus.png
[17:51:34] [Render thread/WARN] [JMLogger] Can't get entityTexture for alexsmobs:textures/entity_icon/tasmanian_devil.png
[17:51:34] [Render thread/WARN] [JMLogger] Can't get entityTexture for alexsmobs:textures/entity_icon/fly.png
[17:53:51] [Render thread/WARN] [JMLogger] Can't get entityTexture for alexsmobs:textures/entity_icon/crow.png
[17:54:29] [Render thread/WARN] [JMLogger] Can't get entityTexture for alexsmobs:textures/entity_icon/terrapin/terrapin_red_eared.png
[17:59:33] [Render thread/WARN] [JMLogger] Can't get entityTexture for alexsmobs:textures/entity_icon/catfish_small.png
[17:59:33] [Render thread/WARN] [JMLogger] Can't get entityTexture for alexsmobs:textures/entity_icon/terrapin/terrapin_brown.png
[18:00:35] [Render thread/WARN] [JMLogger] Can't get entityTexture for alexsmobs:textures/entity_icon/terrapin/terrapin_black.png
[18:00:35] [Render thread/WARN] [JMLogger] Can't get entityTexture for alexsmobs:textures/entity_icon/terrapin/terrapin_painted.png
[18:02:59] [Render thread/WARN] [JMLogger] Can't get entityTexture for alexsmobs:textures/entity_icon/terrapin/terrapin_green.png
[18:02:59] [Render thread/WARN] [JMLogger] Can't get entityTexture for alexsmobs:textures/entity_icon/catfish_medium.png
[18:03:05] [Render thread/WARN] [JMLogger] Can't get entityTexture for alexsmobs:textures/entity_icon/cockroach.png
[18:05:05] [Render thread/WARN] [JMLogger] Can't get entityTexture for alexsmobs:textures/entity_icon/leafcutter_ant.png
[18:05:05] [Render thread/WARN] [JMLogger] Can't get entityTexture for alexsmobs:textures/entity_icon/grizzly_bear.png
[18:06:59] [Render thread/WARN] [JMLogger] Can't get entityTexture for alexsmobs:textures/entity_icon/terrapin/overlay/terrapin_with_overlays.png
[18:08:43] [Render thread/WARN] [JMLogger] Can't get entityTexture for alexsmobs:textures/entity_icon/raccoon.png
[18:10:26] [Render thread/WARN] [JMLogger] Can't get entityTexture for alexsmobs:textures/entity_icon/leafcutter_ant.png
[18:10:26] [Render thread/WARN] [JMLogger] Can't get entityTexture for alexsmobs:textures/entity_icon/catfish_small.png
[18:10:32] [Render thread/WARN] [JMLogger] Can't get entityTexture for alexsmobs:textures/entity_icon/grizzly_bear.png
[18:10:36] [Render thread/WARN] [JMLogger] Can't get entityTexture for alexsmobs:textures/entity_icon/terrapin/terrapin_red_eared.png
[18:10:40] [Render thread/WARN] [JMLogger] Can't get entityTexture for alexsmobs:textures/entity_icon/capuchin_monkey_0.png
[18:11:22] [Render thread/WARN] [JMLogger] Can't get entityTexture for alexsmobs:textures/entity_icon/terrapin/terrapin_black.png
[18:11:32] [Render thread/WARN] [JMLogger] Can't get entityTexture for alexsmobs:textures/entity_icon/catfish_medium.png
[18:11:37] [Render thread/WARN] [JMLogger] Can't get entityTexture for alexsmobs:textures/entity_icon/terrapin/terrapin_brown.png
[18:11:41] [Render thread/WARN] [JMLogger] Can't get entityTexture for alexsmobs:textures/entity_icon/terrapin/overlay/terrapin_with_overlays.png
[18:11:45] [Render thread/WARN] [JMLogger] Can't get entityTexture for alexsmobs:textures/entity_icon/terrapin/terrapin_painted.png
[18:12:16] [Render thread/WARN] [JMLogger] Can't get entityTexture for alexsmobs:textures/entity_icon/raccoon.png
[18:12:21] [Render thread/WARN] [JMLogger] Can't get entityTexture for alexsmobs:textures/entity_icon/terrapin/terrapin_green.png
[18:13:17] [Render thread/WARN] [JMLogger] Can't get entityTexture for alexsmobs:textures/entity_icon/fly.png
[18:13:22] [Render thread/WARN] [JMLogger] Can't get entityTexture for alexsmobs:textures/entity_icon/crow.png
[18:13:28] [Render thread/WARN] [JMLogger] Can't get entityTexture for alexsmobs:textures/entity_icon/toucan/toucan_3.png
[18:13:31] [Render thread/WARN] [JMLogger] Can't get entityTexture for alexsmobs:textures/entity_icon/toucan/toucan_0.png
[18:13:37] [Render thread/WARN] [JMLogger] Can't get entityTexture for alexsmobs:textures/entity_icon/hummingbird_2.png
[18:13:42] [Render thread/WARN] [JMLogger] Can't get entityTexture for alexsmobs:textures/entity_icon/leafcutter_ant_angry.png
[18:13:42] [Render thread/WARN] [JMLogger] Can't get entityTexture for alexsmobs:textures/entity_icon/leafcutter_ant_queen_angry.png
[18:13:47] [Render thread/INFO] [DeathPointHandler] UT_64bit died at BlockPos{x=93, y=72, z=-2}. Deathpoints enabled: true. Deathpoint created: true
[18:17:38] [Render thread/WARN] [JMLogger] Can't get entityTexture for alexsmobs:textures/entity_icon/bison.png
[18:20:17] [Render thread/WARN] [JMLogger] Can't get entityTexture for alexsmobs:textures/entity_icon/hummingbird_1.png
[18:21:34] [Render thread/WARN] [JMLogger] Can't get entityTexture for alexsmobs:textures/entity_icon/raccoon.png
[18:21:34] [Render thread/WARN] [JMLogger] Can't get entityTexture for alexsmobs:textures/entity_icon/crow.png
[18:21:34] [Render thread/WARN] [JMLogger] Can't get entityTexture for alexsmobs:textures/entity_icon/catfish_small.png
[18:21:34] [Render thread/WARN] [JMLogger] Can't get entityTexture for alexsmobs:textures/entity_icon/terrapin/terrapin_red_eared.png
[18:21:34] [Render thread/WARN] [JMLogger] Can't get entityTexture for alexsmobs:textures/entity_icon/terrapin/terrapin_black.png
[18:21:34] [Render thread/WARN] [JMLogger] Can't get entityTexture for alexsmobs:textures/entity_icon/terrapin/overlay/terrapin_with_overlays.png
[18:21:34] [Render thread/WARN] [JMLogger] Can't get entityTexture for alexsmobs:textures/entity_icon/terrapin/terrapin_brown.png
[18:21:34] [Render thread/WARN] [JMLogger] Can't get entityTexture for alexsmobs:textures/entity_icon/bison.png
[18:21:34] [Render thread/WARN] [JMLogger] Can't get entityTexture for alexsmobs:textures/entity_icon/hummingbird_1.png
[18:22:11] [Render thread/WARN] [JMLogger] Can't get entityTexture for alexsmobs:textures/entity_icon/hummingbird_2.png
[18:22:43] [Render thread/WARN] [JMLogger] Can't get entityTexture for alexsmobs:textures/entity_icon/fly.png
[18:22:43] [Render thread/WARN] [JMLogger] Can't get entityTexture for alexsmobs:textures/entity_icon/flying_fish_2.png
[18:23:36] [Render thread/WARN] [JMLogger] Can't get entityTexture for alexsmobs:textures/entity_icon/hummingbird_0.png
[18:27:15] [Render thread/WARN] [JMLogger] Can't get entityTexture for alexsmobs:textures/entity_icon/flying_fish_1.png
[18:31:03] [Render thread/INFO] [StatTimer] TileDrawStep.updateRegionTexture hit max count, 1000000
[18:54:12] [Render thread/INFO] [StatTimer] TileDrawStep.draw(low) hit max count, 1000000
